{"C:\\Users\\ndeb2\\OneDrive\\Documents\\Food Ordering App\\src\\components\\Contact.js": {"path":"C:\\Users\\ndeb2\\OneDrive\\Documents\\Food Ordering App\\src\\components\\Contact.js","statementMap":{"0":{"start":{"line":1,"column":16},"end":{"line":9,"column":1}},"1":{"start":{"line":2,"column":4},"end":{"line":8,"column":5}}},"fnMap":{"0":{"name":"(anonymous_0)","decl":{"start":{"line":1,"column":16},"end":{"line":1,"column":17}},"loc":{"start":{"line":1,"column":21},"end":{"line":9,"column":1}},"line":1}},"branchMap":{},"s":{"0":1,"1":2},"f":{"0":2},"b":{},"_coverageSchema":"1a1c01bbd47fc00a2c39e90264f33305004495a9","hash":"db8f28eaaee34940388b97136cf22661bff02dfb"}
,"C:\\Users\\ndeb2\\OneDrive\\Documents\\Food Ordering App\\src\\components\\add.js": {"path":"C:\\Users\\ndeb2\\OneDrive\\Documents\\Food Ordering App\\src\\components\\add.js","statementMap":{"0":{"start":{"line":1,"column":19},"end":{"line":3,"column":1}},"1":{"start":{"line":2,"column":4},"end":{"line":2,"column":15}}},"fnMap":{"0":{"name":"(anonymous_0)","decl":{"start":{"line":1,"column":19},"end":{"line":1,"column":20}},"loc":{"start":{"line":1,"column":28},"end":{"line":3,"column":1}},"line":1}},"branchMap":{},"s":{"0":1,"1":1},"f":{"0":1},"b":{},"_coverageSchema":"1a1c01bbd47fc00a2c39e90264f33305004495a9","hash":"ce45eaa91f0c674c1b9bedb0154aa2c5cf864d11"}
}
